Traceback (most recent call last):
  File "/Users/carrickcheah/Project/ppo/app_2/tests/run_all_tests.py", line 298, in main
    test_func()
  File "/Users/carrickcheah/Project/ppo/app_2/tests/test_data_pipeline.py", line 232, in run_data_pipeline_tests
    db_tests.test_processing_time_calculation()
  File "/Users/carrickcheah/Project/ppo/app_2/tests/test_data_pipeline.py", line 35, in test_processing_time_calculation
    processing_time = DBConnector._calculate_processing_time(job1)
                      ^^^^^^^^^^^^^^^^^^^^^^^^^^^^^^^^^^^^^^
AttributeError: type object 'DBConnector' has no attribute '_calculate_processing_time'
Traceback (most recent call last):
  File "/Users/carrickcheah/Project/ppo/app_2/tests/run_all_tests.py", line 298, in main
    test_func()
  File "/Users/carrickcheah/Project/ppo/app_2/tests/test_environment_comprehensive.py", line 294, in run_environment_tests
    env_tests.test_environment_initialization()
  File "/Users/carrickcheah/Project/ppo/app_2/tests/test_environment_comprehensive.py", line 83, in test_environment_initialization
    env = SchedulingGameEnv(
          ^^^^^^^^^^^^^^^^^^
  File "/Users/carrickcheah/Project/ppo/app_2/src/environment/scheduling_game_env.py", line 55, in __init__
    self._parse_job_structure()
  File "/Users/carrickcheah/Project/ppo/app_2/src/environment/scheduling_game_env.py", line 103, in _parse_job_structure
    job_id = job['job_id']
             ~~~^^^^^^^^^^
KeyError: 'job_id'
Traceback (most recent call last):
  File "/Users/carrickcheah/Project/ppo/app_2/tests/run_all_tests.py", line 298, in main
    test_func()
  File "/Users/carrickcheah/Project/ppo/app_2/tests/test_ppo_components.py", line 397, in run_ppo_component_tests
    TestStateEncoder().test_encoding_from_observation()
  File "/Users/carrickcheah/Project/ppo/app_2/tests/test_ppo_components.py", line 47, in test_encoding_from_observation
    assert 'jobs' in encoded, "Missing 'jobs' in encoded state"
           ^^^^^^^^^^^^^^^^^
AssertionError: Missing 'jobs' in encoded state
Traceback (most recent call last):
  File "/Users/carrickcheah/Project/ppo/app_2/tests/run_all_tests.py", line 298, in main
    test_func()
  File "/Users/carrickcheah/Project/ppo/app_2/tests/run_all_tests.py", line 63, in run_integration_tests
    env = SchedulingGameEnv(jobs, machines, None, {})
          ^^^^^^^^^^^^^^^^^^^^^^^^^^^^^^^^^^^^^^^^^^^
  File "/Users/carrickcheah/Project/ppo/app_2/src/environment/scheduling_game_env.py", line 55, in __init__
    self._parse_job_structure()
  File "/Users/carrickcheah/Project/ppo/app_2/src/environment/scheduling_game_env.py", line 103, in _parse_job_structure
    job_id = job['job_id']
             ~~~^^^^^^^^^^
KeyError: 'job_id'
Traceback (most recent call last):
  File "/Users/carrickcheah/Project/ppo/app_2/tests/run_all_tests.py", line 298, in main
    test_func()
  File "/Users/carrickcheah/Project/ppo/app_2/tests/run_all_tests.py", line 161, in run_performance_tests
    env = SchedulingGameEnv(jobs, machines, None, {})
          ^^^^^^^^^^^^^^^^^^^^^^^^^^^^^^^^^^^^^^^^^^^
  File "/Users/carrickcheah/Project/ppo/app_2/src/environment/scheduling_game_env.py", line 55, in __init__
    self._parse_job_structure()
  File "/Users/carrickcheah/Project/ppo/app_2/src/environment/scheduling_game_env.py", line 103, in _parse_job_structure
    job_id = job['job_id']
             ~~~^^^^^^^^^^
KeyError: 'job_id'

================================================================================
PPO SCHEDULING SYSTEM - COMPREHENSIVE TEST SUITE
================================================================================
Started: 2025-07-24 15:30:43

Running Data Pipeline tests...

============================================================
DATA PIPELINE TESTS
============================================================

=== Testing Processing Time Calculation ===

‚ùå Data Pipeline tests failed!
Error: type object 'DBConnector' has no attribute '_calculate_processing_time'

Running Environment tests...

============================================================
ENVIRONMENT TESTS
============================================================

=== Testing Environment Initialization ===

‚ùå Environment tests failed!
Error: 'job_id'

Running PPO Components tests...

============================================================
PPO COMPONENT TESTS
============================================================

=== Testing State Encoder ===

‚ùå PPO Components tests failed!
Error: Missing 'jobs' in encoded state

Running Integration tests...

============================================================
INTEGRATION TESTS
============================================================

=== Testing Data Pipeline ‚Üí Environment Integration ===

‚ùå Integration tests failed!
Error: 'job_id'

Running Performance tests...

============================================================
PERFORMANCE TESTS
============================================================

=== Environment Performance (N=100 jobs, M=20 machines) ===

‚ùå Performance tests failed!
Error: 'job_id'

üìÑ Test report saved to: /Users/carrickcheah/Project/ppo/app_2/tests/test_report.md

================================================================================
TEST SUMMARY
================================================================================
Total Tests Run: 5
Tests Passed: 0
Tests Failed: 5
Success Rate: 0.0%

‚ùå Some tests failed. Please review the errors above.

Completed: 2025-07-24 15:30:43
